E:\VS2017\Common7\IDE\VC\VCTargets\Microsoft.CppBuild.targets(391,5): warning MSB8028: 中间目录(x64\Debug\)包含从另一个项目(ConsoleApplication2.vcxproj)共享的文件。   这会导致错误的清除和重新生成行为。
  ConsoleApplication2.cpp
    正在创建库 C:\Users\86188\source\repos\ConsoleApplication2\x64\Debug\osgearth_test.lib 和对象 C:\Users\86188\source\repos\ConsoleApplication2\x64\Debug\osgearth_test.exp
ConsoleApplication2.obj : error LNK2019: 无法解析的外部符号 "__declspec(dllimport) public: int __cdecl osg::Referenced::ref(void)const " (__imp_?ref@Referenced@osg@@QEBAHXZ)，该符号在函数 "public: __cdecl osg::ref_ptr<class osgEarth::Util::EarthManipulator>::ref_ptr<class osgEarth::Util::EarthManipulator>(class osgEarth::Util::EarthManipulator *)" (??0?$ref_ptr@VEarthManipulator@Util@osgEarth@@@osg@@QEAA@PEAVEarthManipulator@Util@osgEarth@@@Z) 中被引用
ConsoleApplication2.obj : error LNK2019: 无法解析的外部符号 "__declspec(dllimport) public: int __cdecl osg::Referenced::unref(void)const " (__imp_?unref@Referenced@osg@@QEBAHXZ)，该符号在函数 "public: __cdecl osg::ref_ptr<class osgEarth::Util::EarthManipulator>::~ref_ptr<class osgEarth::Util::EarthManipulator>(void)" (??1?$ref_ptr@VEarthManipulator@Util@osgEarth@@@osg@@QEAA@XZ) 中被引用
ConsoleApplication2.obj : error LNK2019: 无法解析的外部符号 "__declspec(dllimport) void __cdecl osgEarth::initialize(void)" (__imp_?initialize@osgEarth@@YAXXZ)，该符号在函数 main 中被引用
ConsoleApplication2.obj : error LNK2019: 无法解析的外部符号 VSIFree，该符号在函数 "public: void __cdecl CPLString::Seize(char *)" (?Seize@CPLString@@QEAAXPEAD@Z) 中被引用
ConsoleApplication2.obj : error LNK2019: 无法解析的外部符号 GDALGetDataTypeSizeBytes，该符号在函数 "public: int __cdecl GDALRasterBlock::GetBlockSize(void)const " (?GetBlockSize@GDALRasterBlock@@QEBAHXZ) 中被引用
ConsoleApplication2.obj : error LNK2019: 无法解析的外部符号 CPLStrdup，该符号在函数 "public: class CPLStringList & __cdecl CPLStringList::InsertString(int,char const *)" (?InsertString@CPLStringList@@QEAAAEAV1@HPEBD@Z) 中被引用
ConsoleApplication2.obj : error LNK2019: 无法解析的外部符号 CSLFindString，该符号在函数 "public: int __cdecl CPLStringList::FindString(char const *)const " (?FindString@CPLStringList@@QEBAHPEBD@Z) 中被引用
ConsoleApplication2.obj : error LNK2019: 无法解析的外部符号 CSLPartialFindString，该符号在函数 "public: int __cdecl CPLStringList::PartialFindString(char const *)const " (?PartialFindString@CPLStringList@@QEBAHPEBD@Z) 中被引用
ConsoleApplication2.obj : error LNK2019: 无法解析的外部符号 "public: class CPLString & __cdecl CPLString::toupper(void)" (?toupper@CPLString@@QEAAAEAV1@XZ)，该符号在函数 "private: class GDALDriver * __cdecl GDALDriverManager::GetDriverByName_unlocked(char const *)" (?GetDriverByName_unlocked@GDALDriverManager@@AEAAPEAVGDALDriver@@PEBD@Z) 中被引用
ConsoleApplication2.obj : error LNK2019: 无法解析的外部符号 "public: int __cdecl CPLStringList::Count(void)const " (?Count@CPLStringList@@QEBAHXZ)，该符号在函数 "public: int __cdecl CPLStringList::size(void)const " (?size@CPLStringList@@QEBAHXZ) 中被引用
ConsoleApplication2.obj : error LNK2019: 无法解析的外部符号 "public: class CPLStringList & __cdecl CPLStringList::InsertStringDirectly(int,char *)" (?InsertStringDirectly@CPLStringList@@QEAAAEAV1@HPEAD@Z)，该符号在函数 "public: class CPLStringList & __cdecl CPLStringList::InsertString(int,char const *)" (?InsertString@CPLStringList@@QEAAAEAV1@HPEBD@Z) 中被引用
ConsoleApplication2.obj : error LNK2019: 无法解析的外部符号 "public: class CPLStringList & __cdecl CPLStringList::Assign(char * *,int)" (?Assign@CPLStringList@@QEAAAEAV1@PEAPEADH@Z)，该符号在函数 "public: class CPLStringList & __cdecl CPLStringList::operator=(char * *)" (??4CPLStringList@@QEAAAEAV0@PEAPEAD@Z) 中被引用
ConsoleApplication2.obj : error LNK2019: 无法解析的外部符号 "public: char * __cdecl CPLStringList::operator[](int)" (??ACPLStringList@@QEAAPEADH@Z)，该符号在函数 "public: char * __cdecl CPLStringList::operator[](unsigned __int64)" (??ACPLStringList@@QEAAPEAD_K@Z) 中被引用
ConsoleApplication2.obj : error LNK2019: 无法解析的外部符号 "public: char const * __cdecl CPLStringList::operator[](int)const " (??ACPLStringList@@QEBAPEBDH@Z)，该符号在函数 "public: char const * __cdecl CPLStringList::operator[](unsigned __int64)const " (??ACPLStringList@@QEBAPEBD_K@Z) 中被引用
ConsoleApplication2.obj : error LNK2019: 无法解析的外部符号 CPLAtomicAdd，该符号在函数 "public: int __cdecl GDALRasterBlock::AddLock(void)" (?AddLock@GDALRasterBlock@@QEAAHXZ) 中被引用
ConsoleApplication2.obj : error LNK2001: 无法解析的外部符号 "public: virtual char const * __cdecl GDALMajorObject::GetDescription(void)const " (?GetDescription@GDALMajorObject@@UEBAPEBDXZ)
ConsoleApplication2.obj : error LNK2001: 无法解析的外部符号 "public: virtual void __cdecl GDALMajorObject::SetDescription(char const *)" (?SetDescription@GDALMajorObject@@UEAAXPEBD@Z)
ConsoleApplication2.obj : error LNK2001: 无法解析的外部符号 "public: virtual char * * __cdecl GDALMajorObject::GetMetadataDomainList(void)" (?GetMetadataDomainList@GDALMajorObject@@UEAAPEAPEADXZ)
ConsoleApplication2.obj : error LNK2001: 无法解析的外部符号 "public: virtual char * * __cdecl GDALMajorObject::GetMetadata(char const *)" (?GetMetadata@GDALMajorObject@@UEAAPEAPEADPEBD@Z)
ConsoleApplication2.obj : error LNK2001: 无法解析的外部符号 "public: virtual enum CPLErr __cdecl GDALMajorObject::SetMetadata(char * *,char const *)" (?SetMetadata@GDALMajorObject@@UEAA?AW4CPLErr@@PEAPEADPEBD@Z)
ConsoleApplication2.obj : error LNK2001: 无法解析的外部符号 "public: virtual char const * __cdecl GDALMajorObject::GetMetadataItem(char const *,char const *)" (?GetMetadataItem@GDALMajorObject@@UEAAPEBDPEBD0@Z)
ConsoleApplication2.obj : error LNK2019: 无法解析的外部符号 "public: virtual __cdecl GDALDataset::~GDALDataset(void)" (??1GDALDataset@@UEAA@XZ)，该符号在函数 "public: virtual __cdecl OGRDataSource::~OGRDataSource(void)" (??1OGRDataSource@@UEAA@XZ) 中被引用
ConsoleApplication2.obj : error LNK2019: 无法解析的外部符号 "public: __cdecl GDALColorTable::GDALColorTable(enum GDALPaletteInterp)" (??0GDALColorTable@@QEAA@W4GDALPaletteInterp@@@Z)，该符号在函数 "public: void __cdecl GDALColorTable::`default constructor closure'(void)" (??_FGDALColorTable@@QEAAXXZ) 中被引用
ConsoleApplication2.obj : error LNK2019: 无法解析的外部符号 "public: virtual __cdecl GDALAbstractBandBlockCache::~GDALAbstractBandBlockCache(void)" (??1GDALAbstractBandBlockCache@@UEAA@XZ)，该符号在函数 "public: virtual void * __cdecl GDALAbstractBandBlockCache::`vector deleting destructor'(unsigned int)" (??_EGDALAbstractBandBlockCache@@UEAAPEAXI@Z) 中被引用
ConsoleApplication2.obj : error LNK2019: 无法解析的外部符号 "public: __cdecl GDALDriver::GDALDriver(void)" (??0GDALDriver@@QEAA@XZ)，该符号在函数 "public: __cdecl OGRSFDriver::OGRSFDriver(void)" (??0OGRSFDriver@@QEAA@XZ) 中被引用
ConsoleApplication2.obj : error LNK2001: 无法解析的外部符号 "public: virtual enum CPLErr __cdecl GDALDriver::SetMetadataItem(char const *,char const *,char const *)" (?SetMetadataItem@GDALDriver@@UEAA?AW4CPLErr@@PEBD00@Z)
ConsoleApplication2.obj : error LNK2019: 无法解析的外部符号 "public: virtual __cdecl GDALAsyncReader::~GDALAsyncReader(void)" (??1GDALAsyncReader@@UEAA@XZ)，该符号在函数 "public: virtual void * __cdecl GDALAsyncReader::`vector deleting destructor'(unsigned int)" (??_EGDALAsyncReader@@UEAAPEAXI@Z) 中被引用
ConsoleApplication2.obj : error LNK2001: 无法解析的外部符号 "public: virtual int __cdecl GDALAsyncReader::LockBuffer(double)" (?LockBuffer@GDALAsyncReader@@UEAAHN@Z)
ConsoleApplication2.obj : error LNK2001: 无法解析的外部符号 "public: virtual void __cdecl GDALAsyncReader::UnlockBuffer(void)" (?UnlockBuffer@GDALAsyncReader@@UEAAXXZ)
ConsoleApplication2.obj : error LNK2019: 无法解析的外部符号 "public: __cdecl OGR_SRSNode::OGR_SRSNode(char const *)" (??0OGR_SRSNode@@QEAA@PEBD@Z)，该符号在函数 "public: void __cdecl OGR_SRSNode::`default constructor closure'(void)" (??_FOGR_SRSNode@@QEAAXXZ) 中被引用
ConsoleApplication2.obj : error LNK2019: 无法解析的外部符号 "public: __cdecl OGRSpatialReference::OGRSpatialReference(char const *)" (??0OGRSpatialReference@@QEAA@PEBD@Z)，该符号在函数 "public: void __cdecl OGRSpatialReference::`default constructor closure'(void)" (??_FOGRSpatialReference@@QEAAXXZ) 中被引用
ConsoleApplication2.obj : error LNK2019: 无法解析的外部符号 "public: __cdecl OGRGeometry::OGRGeometry(void)" (??0OGRGeometry@@QEAA@XZ)，该符号在函数 "public: __cdecl OGRSurface::OGRSurface(void)" (??0OGRSurface@@QEAA@XZ) 中被引用
ConsoleApplication2.obj : error LNK2019: 无法解析的外部符号 "public: __cdecl OGRGeometry::OGRGeometry(class OGRGeometry const &)" (??0OGRGeometry@@QEAA@AEBV0@@Z)，该符号在函数 "public: __cdecl OGRSurface::OGRSurface(class OGRSurface &&)" (??0OGRSurface@@QEAA@$$QEAV0@@Z) 中被引用
ConsoleApplication2.obj : error LNK2019: 无法解析的外部符号 "public: virtual __cdecl OGRGeometry::~OGRGeometry(void)" (??1OGRGeometry@@UEAA@XZ)，该符号在函数 "public: virtual __cdecl OGRSurface::~OGRSurface(void)" (??1OGRSurface@@UEAA@XZ) 中被引用
ConsoleApplication2.obj : error LNK2019: 无法解析的外部符号 "public: class OGRGeometry & __cdecl OGRGeometry::operator=(class OGRGeometry const &)" (??4OGRGeometry@@QEAAAEAV0@AEBV0@@Z)，该符号在函数 "public: class OGRSurface & __cdecl OGRSurface::operator=(class OGRSurface &&)" (??4OGRSurface@@QEAAAEAV0@$$QEAV0@@Z) 中被引用
ConsoleApplication2.obj : error LNK2001: 无法解析的外部符号 "public: virtual int __cdecl OGRGeometry::getCoordinateDimension(void)const " (?getCoordinateDimension@OGRGeometry@@UEBAHXZ)
ConsoleApplication2.obj : error LNK2001: 无法解析的外部符号 "public: virtual int __cdecl OGRGeometry::IsEmpty(void)const " (?IsEmpty@OGRGeometry@@UEBAHXZ)
ConsoleApplication2.obj : error LNK2001: 无法解析的外部符号 "public: virtual int __cdecl OGRGeometry::IsValid(void)const " (?IsValid@OGRGeometry@@UEBAHXZ)
ConsoleApplication2.obj : error LNK2001: 无法解析的外部符号 "public: virtual int __cdecl OGRGeometry::IsSimple(void)const " (?IsSimple@OGRGeometry@@UEBAHXZ)
ConsoleApplication2.obj : error LNK2001: 无法解析的外部符号 "public: virtual int __cdecl OGRGeometry::IsRing(void)const " (?IsRing@OGRGeometry@@UEBAHXZ)
ConsoleApplication2.obj : error LNK2001: 无法解析的外部符号 "public: virtual void __cdecl OGRGeometry::dumpReadable(struct _iobuf *,char const *,char * *)const " (?dumpReadable@OGRGeometry@@UEBAXPEAU_iobuf@@PEBDPEAPEAD@Z)
ConsoleApplication2.obj : error LNK2001: 无法解析的外部符号 "public: virtual char * __cdecl OGRGeometry::exportToGML(char const * const *)const " (?exportToGML@OGRGeometry@@UEBAPEADPEBQEBD@Z)
ConsoleApplication2.obj : error LNK2001: 无法解析的外部符号 "public: virtual char * __cdecl OGRGeometry::exportToKML(void)const " (?exportToKML@OGRGeometry@@UEBAPEADXZ)
ConsoleApplication2.obj : error LNK2001: 无法解析的外部符号 "public: virtual char * __cdecl OGRGeometry::exportToJson(void)const " (?exportToJson@OGRGeometry@@UEBAPEADXZ)
ConsoleApplication2.obj : error LNK2001: 无法解析的外部符号 "public: virtual struct GEOSGeom_t * __cdecl OGRGeometry::exportToGEOS(struct GEOSContextHandle_HS *)const " (?exportToGEOS@OGRGeometry@@UEBAPEAUGEOSGeom_t@@PEAUGEOSContextHandle_HS@@@Z)
ConsoleApplication2.obj : error LNK2001: 无法解析的外部符号 "public: virtual int __cdecl OGRGeometry::hasCurveGeometry(int)const " (?hasCurveGeometry@OGRGeometry@@UEBAHH@Z)
ConsoleApplication2.obj : error LNK2001: 无法解析的外部符号 "public: virtual class OGRGeometry * __cdecl OGRGeometry::getCurveGeometry(char const * const *)const " (?getCurveGeometry@OGRGeometry@@UEBAPEAV1@PEBQEBD@Z)
ConsoleApplication2.obj : error LNK2001: 无法解析的外部符号 "public: virtual class OGRGeometry * __cdecl OGRGeometry::getLinearGeometry(double,char const * const *)const " (?getLinearGeometry@OGRGeometry@@UEBAPEAV1@NPEBQEBD@Z)
ConsoleApplication2.obj : error LNK2001: 无法解析的外部符号 "public: virtual void __cdecl OGRGeometry::closeRings(void)" (?closeRings@OGRGeometry@@UEAAXXZ)
ConsoleApplication2.obj : error LNK2001: 无法解析的外部符号 "public: virtual void __cdecl OGRGeometry::setCoordinateDimension(int)" (?setCoordinateDimension@OGRGeometry@@UEAAXH@Z)
ConsoleApplication2.obj : error LNK2001: 无法解析的外部符号 "public: virtual void __cdecl OGRGeometry::set3D(int)" (?set3D@OGRGeometry@@UEAAXH@Z)
ConsoleApplication2.obj : error LNK2001: 无法解析的外部符号 "public: virtual void __cdecl OGRGeometry::setMeasured(int)" (?setMeasured@OGRGeometry@@UEAAXH@Z)
ConsoleApplication2.obj : error LNK2001: 无法解析的外部符号 "public: virtual void __cdecl OGRGeometry::segmentize(double)" (?segmentize@OGRGeometry@@UEAAXN@Z)
ConsoleApplication2.obj : error LNK2001: 无法解析的外部符号 "public: virtual int __cdecl OGRGeometry::Intersects(class OGRGeometry const *)const " (?Intersects@OGRGeometry@@UEBAHPEBV1@@Z)
ConsoleApplication2.obj : error LNK2001: 无法解析的外部符号 "public: virtual int __cdecl OGRGeometry::Disjoint(class OGRGeometry const *)const " (?Disjoint@OGRGeometry@@UEBAHPEBV1@@Z)
ConsoleApplication2.obj : error LNK2001: 无法解析的外部符号 "public: virtual int __cdecl OGRGeometry::Touches(class OGRGeometry const *)const " (?Touches@OGRGeometry@@UEBAHPEBV1@@Z)
ConsoleApplication2.obj : error LNK2001: 无法解析的外部符号 "public: virtual int __cdecl OGRGeometry::Crosses(class OGRGeometry const *)const " (?Crosses@OGRGeometry@@UEBAHPEBV1@@Z)
ConsoleApplication2.obj : error LNK2001: 无法解析的外部符号 "public: virtual int __cdecl OGRGeometry::Within(class OGRGeometry const *)const " (?Within@OGRGeometry@@UEBAHPEBV1@@Z)
ConsoleApplication2.obj : error LNK2001: 无法解析的外部符号 "public: virtual int __cdecl OGRGeometry::Contains(class OGRGeometry const *)const " (?Contains@OGRGeometry@@UEBAHPEBV1@@Z)
ConsoleApplication2.obj : error LNK2001: 无法解析的外部符号 "public: virtual int __cdecl OGRGeometry::Overlaps(class OGRGeometry const *)const " (?Overlaps@OGRGeometry@@UEBAHPEBV1@@Z)
ConsoleApplication2.obj : error LNK2001: 无法解析的外部符号 "public: virtual class OGRGeometry * __cdecl OGRGeometry::Boundary(void)const " (?Boundary@OGRGeometry@@UEBAPEAV1@XZ)
ConsoleApplication2.obj : error LNK2001: 无法解析的外部符号 "public: virtual double __cdecl OGRGeometry::Distance(class OGRGeometry const *)const " (?Distance@OGRGeometry@@UEBANPEBV1@@Z)
ConsoleApplication2.obj : error LNK2001: 无法解析的外部符号 "public: virtual class OGRGeometry * __cdecl OGRGeometry::ConvexHull(void)const " (?ConvexHull@OGRGeometry@@UEBAPEAV1@XZ)
ConsoleApplication2.obj : error LNK2001: 无法解析的外部符号 "public: virtual class OGRGeometry * __cdecl OGRGeometry::Buffer(double,int)const " (?Buffer@OGRGeometry@@UEBAPEAV1@NH@Z)
ConsoleApplication2.obj : error LNK2001: 无法解析的外部符号 "public: virtual class OGRGeometry * __cdecl OGRGeometry::Intersection(class OGRGeometry const *)const " (?Intersection@OGRGeometry@@UEBAPEAV1@PEBV1@@Z)
ConsoleApplication2.obj : error LNK2001: 无法解析的外部符号 "public: virtual class OGRGeometry * __cdecl OGRGeometry::Union(class OGRGeometry const *)const " (?Union@OGRGeometry@@UEBAPEAV1@PEBV1@@Z)
ConsoleApplication2.obj : error LNK2001: 无法解析的外部符号 "public: virtual class OGRGeometry * __cdecl OGRGeometry::UnionCascaded(void)const " (?UnionCascaded@OGRGeometry@@UEBAPEAV1@XZ)
ConsoleApplication2.obj : error LNK2001: 无法解析的外部符号 "public: virtual class OGRGeometry * __cdecl OGRGeometry::Difference(class OGRGeometry const *)const " (?Difference@OGRGeometry@@UEBAPEAV1@PEBV1@@Z)
ConsoleApplication2.obj : error LNK2001: 无法解析的外部符号 "public: virtual class OGRGeometry * __cdecl OGRGeometry::SymDifference(class OGRGeometry const *)const " (?SymDifference@OGRGeometry@@UEBAPEAV1@PEBV1@@Z)
ConsoleApplication2.obj : error LNK2001: 无法解析的外部符号 "public: virtual int __cdecl OGRGeometry::Centroid(class OGRPoint *)const " (?Centroid@OGRGeometry@@UEBAHPEAVOGRPoint@@@Z)
ConsoleApplication2.obj : error LNK2001: 无法解析的外部符号 "public: virtual class OGRGeometry * __cdecl OGRGeometry::Simplify(double)const " (?Simplify@OGRGeometry@@UEBAPEAV1@N@Z)
ConsoleApplication2.obj : error LNK2001: 无法解析的外部符号 "public: virtual class OGRGeometry * __cdecl OGRGeometry::DelaunayTriangulation(double,int)const " (?DelaunayTriangulation@OGRGeometry@@UEBAPEAV1@NH@Z)
ConsoleApplication2.obj : error LNK2001: 无法解析的外部符号 "public: virtual class OGRGeometry * __cdecl OGRGeometry::Polygonize(void)const " (?Polygonize@OGRGeometry@@UEBAPEAV1@XZ)
ConsoleApplication2.obj : error LNK2001: 无法解析的外部符号 "public: virtual void __cdecl OGRGeometry::swapXY(void)" (?swapXY@OGRGeometry@@UEAAXXZ)
ConsoleApplication2.obj : error LNK2019: 无法解析的外部符号 "public: virtual __cdecl OGRPointIterator::~OGRPointIterator(void)" (??1OGRPointIterator@@UEAA@XZ)，该符号在函数 "public: virtual void * __cdecl OGRPointIterator::`vector deleting destructor'(unsigned int)" (??_EOGRPointIterator@@UEAAPEAXI@Z) 中被引用
ConsoleApplication2.obj : error LNK2019: 无法解析的外部符号 "public: __cdecl OGRStyleMgr::OGRStyleMgr(class OGRStyleTable *)" (??0OGRStyleMgr@@QEAA@PEAVOGRStyleTable@@@Z)，该符号在函数 "public: void __cdecl OGRStyleMgr::`default constructor closure'(void)" (??_FOGRStyleMgr@@QEAAXXZ) 中被引用
ConsoleApplication2.obj : error LNK2019: 无法解析的外部符号 "public: virtual __cdecl OGRStyleTool::~OGRStyleTool(void)" (??1OGRStyleTool@@UEAA@XZ)，该符号在函数 "public: virtual void * __cdecl OGRStyleTool::`vector deleting destructor'(unsigned int)" (??_EOGRStyleTool@@UEAAPEAXI@Z) 中被引用
ConsoleApplication2.obj : error LNK2001: 无法解析的外部符号 "private: virtual int __cdecl OGRStylePen::Parse(void)" (?Parse@OGRStylePen@@EEAAHXZ)
ConsoleApplication2.obj : error LNK2019: 无法解析的外部符号 "public: virtual __cdecl OGRStylePen::~OGRStylePen(void)" (??1OGRStylePen@@UEAA@XZ)，该符号在函数 "public: virtual void * __cdecl OGRStylePen::`vector deleting destructor'(unsigned int)" (??_EOGRStylePen@@UEAAPEAXI@Z) 中被引用
ConsoleApplication2.obj : error LNK2019: 无法解析的外部符号 "public: char const * __cdecl OGRStylePen::GetParamStr(enum ogr_style_tool_param_pen_id,int &)" (?GetParamStr@OGRStylePen@@QEAAPEBDW4ogr_style_tool_param_pen_id@@AEAH@Z)，该符号在函数 "public: char const * __cdecl OGRStylePen::Cap(int &)" (?Cap@OGRStylePen@@QEAAPEBDAEAH@Z) 中被引用
ConsoleApplication2.obj : error LNK2019: 无法解析的外部符号 "public: int __cdecl OGRStylePen::GetParamNum(enum ogr_style_tool_param_pen_id,int &)" (?GetParamNum@OGRStylePen@@QEAAHW4ogr_style_tool_param_pen_id@@AEAH@Z)，该符号在函数 "public: int __cdecl OGRStylePen::Priority(int &)" (?Priority@OGRStylePen@@QEAAHAEAH@Z) 中被引用
ConsoleApplication2.obj : error LNK2019: 无法解析的外部符号 "public: double __cdecl OGRStylePen::GetParamDbl(enum ogr_style_tool_param_pen_id,int &)" (?GetParamDbl@OGRStylePen@@QEAANW4ogr_style_tool_param_pen_id@@AEAH@Z)，该符号在函数 "public: double __cdecl OGRStylePen::PerpendicularOffset(int &)" (?PerpendicularOffset@OGRStylePen@@QEAANAEAH@Z) 中被引用
ConsoleApplication2.obj : error LNK2019: 无法解析的外部符号 "public: void __cdecl OGRStylePen::SetParamStr(enum ogr_style_tool_param_pen_id,char const *)" (?SetParamStr@OGRStylePen@@QEAAXW4ogr_style_tool_param_pen_id@@PEBD@Z)，该符号在函数 "public: void __cdecl OGRStylePen::SetCap(char const *)" (?SetCap@OGRStylePen@@QEAAXPEBD@Z) 中被引用
ConsoleApplication2.obj : error LNK2019: 无法解析的外部符号 "public: void __cdecl OGRStylePen::SetParamNum(enum ogr_style_tool_param_pen_id,int)" (?SetParamNum@OGRStylePen@@QEAAXW4ogr_style_tool_param_pen_id@@H@Z)，该符号在函数 "public: void __cdecl OGRStylePen::SetPriority(int)" (?SetPriority@OGRStylePen@@QEAAXH@Z) 中被引用
ConsoleApplication2.obj : error LNK2019: 无法解析的外部符号 "public: void __cdecl OGRStylePen::SetParamDbl(enum ogr_style_tool_param_pen_id,double)" (?SetParamDbl@OGRStylePen@@QEAAXW4ogr_style_tool_param_pen_id@@N@Z)，该符号在函数 "public: void __cdecl OGRStylePen::SetPerpendicularOffset(double)" (?SetPerpendicularOffset@OGRStylePen@@QEAAXN@Z) 中被引用
ConsoleApplication2.obj : error LNK2001: 无法解析的外部符号 "public: virtual char const * __cdecl OGRStylePen::GetStyleString(void)" (?GetStyleString@OGRStylePen@@UEAAPEBDXZ)
ConsoleApplication2.obj : error LNK2001: 无法解析的外部符号 "private: virtual int __cdecl OGRStyleBrush::Parse(void)" (?Parse@OGRStyleBrush@@EEAAHXZ)
ConsoleApplication2.obj : error LNK2019: 无法解析的外部符号 "public: virtual __cdecl OGRStyleBrush::~OGRStyleBrush(void)" (??1OGRStyleBrush@@UEAA@XZ)，该符号在函数 "public: virtual void * __cdecl OGRStyleBrush::`vector deleting destructor'(unsigned int)" (??_EOGRStyleBrush@@UEAAPEAXI@Z) 中被引用
ConsoleApplication2.obj : error LNK2019: 无法解析的外部符号 "public: char const * __cdecl OGRStyleBrush::GetParamStr(enum ogr_style_tool_param_brush_id,int &)" (?GetParamStr@OGRStyleBrush@@QEAAPEBDW4ogr_style_tool_param_brush_id@@AEAH@Z)，该符号在函数 "public: char const * __cdecl OGRStyleBrush::BackColor(int &)" (?BackColor@OGRStyleBrush@@QEAAPEBDAEAH@Z) 中被引用
ConsoleApplication2.obj : error LNK2019: 无法解析的外部符号 "public: int __cdecl OGRStyleBrush::GetParamNum(enum ogr_style_tool_param_brush_id,int &)" (?GetParamNum@OGRStyleBrush@@QEAAHW4ogr_style_tool_param_brush_id@@AEAH@Z)，该符号在函数 "public: int __cdecl OGRStyleBrush::Priority(int &)" (?Priority@OGRStyleBrush@@QEAAHAEAH@Z) 中被引用
ConsoleApplication2.obj : error LNK2019: 无法解析的外部符号 "public: double __cdecl OGRStyleBrush::GetParamDbl(enum ogr_style_tool_param_brush_id,int &)" (?GetParamDbl@OGRStyleBrush@@QEAANW4ogr_style_tool_param_brush_id@@AEAH@Z)，该符号在函数 "public: double __cdecl OGRStyleBrush::Angle(int &)" (?Angle@OGRStyleBrush@@QEAANAEAH@Z) 中被引用
ConsoleApplication2.obj : error LNK2019: 无法解析的外部符号 "public: void __cdecl OGRStyleBrush::SetParamStr(enum ogr_style_tool_param_brush_id,char const *)" (?SetParamStr@OGRStyleBrush@@QEAAXW4ogr_style_tool_param_brush_id@@PEBD@Z)，该符号在函数 "public: void __cdecl OGRStyleBrush::SetBackColor(char const *)" (?SetBackColor@OGRStyleBrush@@QEAAXPEBD@Z) 中被引用
ConsoleApplication2.obj : error LNK2019: 无法解析的外部符号 "public: void __cdecl OGRStyleBrush::SetParamNum(enum ogr_style_tool_param_brush_id,int)" (?SetParamNum@OGRStyleBrush@@QEAAXW4ogr_style_tool_param_brush_id@@H@Z)，该符号在函数 "public: void __cdecl OGRStyleBrush::SetPriority(int)" (?SetPriority@OGRStyleBrush@@QEAAXH@Z) 中被引用
ConsoleApplication2.obj : error LNK2019: 无法解析的外部符号 "public: void __cdecl OGRStyleBrush::SetParamDbl(enum ogr_style_tool_param_brush_id,double)" (?SetParamDbl@OGRStyleBrush@@QEAAXW4ogr_style_tool_param_brush_id@@N@Z)，该符号在函数 "public: void __cdecl OGRStyleBrush::SetAngle(double)" (?SetAngle@OGRStyleBrush@@QEAAXN@Z) 中被引用
ConsoleApplication2.obj : error LNK2001: 无法解析的外部符号 "public: virtual char const * __cdecl OGRStyleBrush::GetStyleString(void)" (?GetStyleString@OGRStyleBrush@@UEAAPEBDXZ)
ConsoleApplication2.obj : error LNK2001: 无法解析的外部符号 "private: virtual int __cdecl OGRStyleSymbol::Parse(void)" (?Parse@OGRStyleSymbol@@EEAAHXZ)
ConsoleApplication2.obj : error LNK2019: 无法解析的外部符号 "public: virtual __cdecl OGRStyleSymbol::~OGRStyleSymbol(void)" (??1OGRStyleSymbol@@UEAA@XZ)，该符号在函数 "public: virtual void * __cdecl OGRStyleSymbol::`vector deleting destructor'(unsigned int)" (??_EOGRStyleSymbol@@UEAAPEAXI@Z) 中被引用
ConsoleApplication2.obj : error LNK2019: 无法解析的外部符号 "public: char const * __cdecl OGRStyleSymbol::GetParamStr(enum ogr_style_tool_param_symbol_id,int &)" (?GetParamStr@OGRStyleSymbol@@QEAAPEBDW4ogr_style_tool_param_symbol_id@@AEAH@Z)，该符号在函数 "public: char const * __cdecl OGRStyleSymbol::Color(int &)" (?Color@OGRStyleSymbol@@QEAAPEBDAEAH@Z) 中被引用
ConsoleApplication2.obj : error LNK2019: 无法解析的外部符号 "public: int __cdecl OGRStyleSymbol::GetParamNum(enum ogr_style_tool_param_symbol_id,int &)" (?GetParamNum@OGRStyleSymbol@@QEAAHW4ogr_style_tool_param_symbol_id@@AEAH@Z)，该符号在函数 "public: int __cdecl OGRStyleSymbol::Priority(int &)" (?Priority@OGRStyleSymbol@@QEAAHAEAH@Z) 中被引用
ConsoleApplication2.obj : error LNK2019: 无法解析的外部符号 "public: double __cdecl OGRStyleSymbol::GetParamDbl(enum ogr_style_tool_param_symbol_id,int &)" (?GetParamDbl@OGRStyleSymbol@@QEAANW4ogr_style_tool_param_symbol_id@@AEAH@Z)，该符号在函数 "public: double __cdecl OGRStyleSymbol::Angle(int &)" (?Angle@OGRStyleSymbol@@QEAANAEAH@Z) 中被引用
ConsoleApplication2.obj : error LNK2019: 无法解析的外部符号 "public: void __cdecl OGRStyleSymbol::SetParamStr(enum ogr_style_tool_param_symbol_id,char const *)" (?SetParamStr@OGRStyleSymbol@@QEAAXW4ogr_style_tool_param_symbol_id@@PEBD@Z)，该符号在函数 "public: void __cdecl OGRStyleSymbol::SetColor(char const *)" (?SetColor@OGRStyleSymbol@@QEAAXPEBD@Z) 中被引用
ConsoleApplication2.obj : error LNK2019: 无法解析的外部符号 "public: void __cdecl OGRStyleSymbol::SetParamNum(enum ogr_style_tool_param_symbol_id,int)" (?SetParamNum@OGRStyleSymbol@@QEAAXW4ogr_style_tool_param_symbol_id@@H@Z)，该符号在函数 "public: void __cdecl OGRStyleSymbol::SetPriority(int)" (?SetPriority@OGRStyleSymbol@@QEAAXH@Z) 中被引用
ConsoleApplication2.obj : error LNK2019: 无法解析的外部符号 "public: void __cdecl OGRStyleSymbol::SetParamDbl(enum ogr_style_tool_param_symbol_id,double)" (?SetParamDbl@OGRStyleSymbol@@QEAAXW4ogr_style_tool_param_symbol_id@@N@Z)，该符号在函数 "public: void __cdecl OGRStyleSymbol::SetAngle(double)" (?SetAngle@OGRStyleSymbol@@QEAAXN@Z) 中被引用
ConsoleApplication2.obj : error LNK2001: 无法解析的外部符号 "public: virtual char const * __cdecl OGRStyleSymbol::GetStyleString(void)" (?GetStyleString@OGRStyleSymbol@@UEAAPEBDXZ)
ConsoleApplication2.obj : error LNK2001: 无法解析的外部符号 "private: virtual int __cdecl OGRStyleLabel::Parse(void)" (?Parse@OGRStyleLabel@@EEAAHXZ)
ConsoleApplication2.obj : error LNK2019: 无法解析的外部符号 "public: virtual __cdecl OGRStyleLabel::~OGRStyleLabel(void)" (??1OGRStyleLabel@@UEAA@XZ)，该符号在函数 "public: virtual void * __cdecl OGRStyleLabel::`vector deleting destructor'(unsigned int)" (??_EOGRStyleLabel@@UEAAPEAXI@Z) 中被引用
ConsoleApplication2.obj : error LNK2019: 无法解析的外部符号 "public: char const * __cdecl OGRStyleLabel::GetParamStr(enum ogr_style_tool_param_label_id,int &)" (?GetParamStr@OGRStyleLabel@@QEAAPEBDW4ogr_style_tool_param_label_id@@AEAH@Z)，该符号在函数 "public: char const * __cdecl OGRStyleLabel::AdjustmentHor(int &)" (?AdjustmentHor@OGRStyleLabel@@QEAAPEBDAEAH@Z) 中被引用
ConsoleApplication2.obj : error LNK2019: 无法解析的外部符号 "public: int __cdecl OGRStyleLabel::GetParamNum(enum ogr_style_tool_param_label_id,int &)" (?GetParamNum@OGRStyleLabel@@QEAAHW4ogr_style_tool_param_label_id@@AEAH@Z)，该符号在函数 "public: int __cdecl OGRStyleLabel::Anchor(int &)" (?Anchor@OGRStyleLabel@@QEAAHAEAH@Z) 中被引用
ConsoleApplication2.obj : error LNK2019: 无法解析的外部符号 "public: double __cdecl OGRStyleLabel::GetParamDbl(enum ogr_style_tool_param_label_id,int &)" (?GetParamDbl@OGRStyleLabel@@QEAANW4ogr_style_tool_param_label_id@@AEAH@Z)，该符号在函数 "public: double __cdecl OGRStyleLabel::Angle(int &)" (?Angle@OGRStyleLabel@@QEAANAEAH@Z) 中被引用
ConsoleApplication2.obj : error LNK2019: 无法解析的外部符号 "public: void __cdecl OGRStyleLabel::SetParamStr(enum ogr_style_tool_param_label_id,char const *)" (?SetParamStr@OGRStyleLabel@@QEAAXW4ogr_style_tool_param_label_id@@PEBD@Z)，该符号在函数 "public: void __cdecl OGRStyleLabel::SetAdjustmentHor(char const *)" (?SetAdjustmentHor@OGRStyleLabel@@QEAAXPEBD@Z) 中被引用
ConsoleApplication2.obj : error LNK2019: 无法解析的外部符号 "public: void __cdecl OGRStyleLabel::SetParamNum(enum ogr_style_tool_param_label_id,int)" (?SetParamNum@OGRStyleLabel@@QEAAXW4ogr_style_tool_param_label_id@@H@Z)，该符号在函数 "public: void __cdecl OGRStyleLabel::SetAnchor(int)" (?SetAnchor@OGRStyleLabel@@QEAAXH@Z) 中被引用
ConsoleApplication2.obj : error LNK2019: 无法解析的外部符号 "public: void __cdecl OGRStyleLabel::SetParamDbl(enum ogr_style_tool_param_label_id,double)" (?SetParamDbl@OGRStyleLabel@@QEAAXW4ogr_style_tool_param_label_id@@N@Z)，该符号在函数 "public: void __cdecl OGRStyleLabel::SetAngle(double)" (?SetAngle@OGRStyleLabel@@QEAAXN@Z) 中被引用
ConsoleApplication2.obj : error LNK2001: 无法解析的外部符号 "public: virtual char const * __cdecl OGRStyleLabel::GetStyleString(void)" (?GetStyleString@OGRStyleLabel@@UEAAPEBDXZ)
ConsoleApplication2.obj : error LNK2019: 无法解析的外部符号 "public: __cdecl OGRFeatureDefn::OGRFeatureDefn(char const *)" (??0OGRFeatureDefn@@QEAA@PEBD@Z)，该符号在函数 "public: void __cdecl OGRFeatureDefn::`default constructor closure'(void)" (??_FOGRFeatureDefn@@QEAAXXZ) 中被引用
ConsoleApplication2.obj : error LNK2019: 无法解析的外部符号 "public: int __cdecl OGRFeature::GetFieldAsInteger(int)" (?GetFieldAsInteger@OGRFeature@@QEAAHH@Z)，该符号在函数 "public: int __cdecl OGRFeature::GetFieldAsInteger(char const *)" (?GetFieldAsInteger@OGRFeature@@QEAAHPEBD@Z) 中被引用
ConsoleApplication2.obj : error LNK2019: 无法解析的外部符号 "public: __int64 __cdecl OGRFeature::GetFieldAsInteger64(int)" (?GetFieldAsInteger64@OGRFeature@@QEAA_JH@Z)，该符号在函数 "public: __int64 __cdecl OGRFeature::GetFieldAsInteger64(char const *)" (?GetFieldAsInteger64@OGRFeature@@QEAA_JPEBD@Z) 中被引用
ConsoleApplication2.obj : error LNK2019: 无法解析的外部符号 "public: double __cdecl OGRFeature::GetFieldAsDouble(int)" (?GetFieldAsDouble@OGRFeature@@QEAANH@Z)，该符号在函数 "public: double __cdecl OGRFeature::GetFieldAsDouble(char const *)" (?GetFieldAsDouble@OGRFeature@@QEAANPEBD@Z) 中被引用
ConsoleApplication2.obj : error LNK2019: 无法解析的外部符号 "public: char const * __cdecl OGRFeature::GetFieldAsString(int)" (?GetFieldAsString@OGRFeature@@QEAAPEBDH@Z)，该符号在函数 "public: char const * __cdecl OGRFeature::GetFieldAsString(char const *)" (?GetFieldAsString@OGRFeature@@QEAAPEBDPEBD@Z) 中被引用
ConsoleApplication2.obj : error LNK2019: 无法解析的外部符号 "public: int const * __cdecl OGRFeature::GetFieldAsIntegerList(int,int *)" (?GetFieldAsIntegerList@OGRFeature@@QEAAPEBHHPEAH@Z)，该符号在函数 "public: int const * __cdecl OGRFeature::GetFieldAsIntegerList(char const *,int *)" (?GetFieldAsIntegerList@OGRFeature@@QEAAPEBHPEBDPEAH@Z) 中被引用
ConsoleApplication2.obj : error LNK2019: 无法解析的外部符号 "public: __int64 const * __cdecl OGRFeature::GetFieldAsInteger64List(int,int *)" (?GetFieldAsInteger64List@OGRFeature@@QEAAPEB_JHPEAH@Z)，该符号在函数 "public: __int64 const * __cdecl OGRFeature::GetFieldAsInteger64List(char const *,int *)" (?GetFieldAsInteger64List@OGRFeature@@QEAAPEB_JPEBDPEAH@Z) 中被引用
ConsoleApplication2.obj : error LNK2019: 无法解析的外部符号 "public: double const * __cdecl OGRFeature::GetFieldAsDoubleList(int,int *)" (?GetFieldAsDoubleList@OGRFeature@@QEAAPEBNHPEAH@Z)，该符号在函数 "public: double const * __cdecl OGRFeature::GetFieldAsDoubleList(char const *,int *)" (?GetFieldAsDoubleList@OGRFeature@@QEAAPEBNPEBDPEAH@Z) 中被引用
ConsoleApplication2.obj : error LNK2019: 无法解析的外部符号 "public: char * * __cdecl OGRFeature::GetFieldAsStringList(int)" (?GetFieldAsStringList@OGRFeature@@QEAAPEAPEADH@Z)，该符号在函数 "public: char * * __cdecl OGRFeature::GetFieldAsStringList(char const *)" (?GetFieldAsStringList@OGRFeature@@QEAAPEAPEADPEBD@Z) 中被引用
ConsoleApplication2.obj : error LNK2019: 无法解析的外部符号 "public: void __cdecl OGRFeature::SetField(int,int)" (?SetField@OGRFeature@@QEAAXHH@Z)，该符号在函数 "public: void __cdecl OGRFeature::SetField(char const *,int)" (?SetField@OGRFeature@@QEAAXPEBDH@Z) 中被引用
ConsoleApplication2.obj : error LNK2019: 无法解析的外部符号 "public: void __cdecl OGRFeature::SetField(int,__int64)" (?SetField@OGRFeature@@QEAAXH_J@Z)，该符号在函数 "public: void __cdecl OGRFeature::SetField(char const *,__int64)" (?SetField@OGRFeature@@QEAAXPEBD_J@Z) 中被引用
ConsoleApplication2.obj : error LNK2019: 无法解析的外部符号 "public: void __cdecl OGRFeature::SetField(int,double)" (?SetField@OGRFeature@@QEAAXHN@Z)，该符号在函数 "public: void __cdecl OGRFeature::SetField(char const *,double)" (?SetField@OGRFeature@@QEAAXPEBDN@Z) 中被引用
ConsoleApplication2.obj : error LNK2019: 无法解析的外部符号 "public: void __cdecl OGRFeature::SetField(int,char const *)" (?SetField@OGRFeature@@QEAAXHPEBD@Z)，该符号在函数 "public: void __cdecl OGRFeature::SetField(char const *,char const *)" (?SetField@OGRFeature@@QEAAXPEBD0@Z) 中被引用
ConsoleApplication2.obj : error LNK2019: 无法解析的外部符号 "public: void __cdecl OGRFeature::SetField(int,int,int *)" (?SetField@OGRFeature@@QEAAXHHPEAH@Z)，该符号在函数 "public: void __cdecl OGRFeature::SetField(char const *,int,int *)" (?SetField@OGRFeature@@QEAAXPEBDHPEAH@Z) 中被引用
ConsoleApplication2.obj : error LNK2019: 无法解析的外部符号 "public: void __cdecl OGRFeature::SetField(int,int,__int64 const *)" (?SetField@OGRFeature@@QEAAXHHPEB_J@Z)，该符号在函数 "public: void __cdecl OGRFeature::SetField(char const *,int,__int64 const *)" (?SetField@OGRFeature@@QEAAXPEBDHPEB_J@Z) 中被引用
ConsoleApplication2.obj : error LNK2019: 无法解析的外部符号 "public: void __cdecl OGRFeature::SetField(int,int,double *)" (?SetField@OGRFeature@@QEAAXHHPEAN@Z)，该符号在函数 "public: void __cdecl OGRFeature::SetField(char const *,int,double *)" (?SetField@OGRFeature@@QEAAXPEBDHPEAN@Z) 中被引用
ConsoleApplication2.obj : error LNK2019: 无法解析的外部符号 "public: void __cdecl OGRFeature::SetField(int,char * *)" (?SetField@OGRFeature@@QEAAXHPEAPEAD@Z)，该符号在函数 "public: void __cdecl OGRFeature::SetField(char const *,char * *)" (?SetField@OGRFeature@@QEAAXPEBDPEAPEAD@Z) 中被引用
ConsoleApplication2.obj : error LNK2019: 无法解析的外部符号 "public: void __cdecl OGRFeature::SetField(int,union OGRField *)" (?SetField@OGRFeature@@QEAAXHPEATOGRField@@@Z)，该符号在函数 "public: void __cdecl OGRFeature::SetField(char const *,union OGRField *)" (?SetField@OGRFeature@@QEAAXPEBDPEATOGRField@@@Z) 中被引用
ConsoleApplication2.obj : error LNK2019: 无法解析的外部符号 "public: void __cdecl OGRFeature::SetField(int,int,int,int,int,int,float,int)" (?SetField@OGRFeature@@QEAAXHHHHHHMH@Z)，该符号在函数 "public: void __cdecl OGRFeature::SetField(char const *,int,int,int,int,int,float,int)" (?SetField@OGRFeature@@QEAAXPEBDHHHHHMH@Z) 中被引用
ConsoleApplication2.obj : error LNK2019: 无法解析的外部符号 "public: virtual __cdecl OGRSFDriver::~OGRSFDriver(void)" (??1OGRSFDriver@@UEAA@XZ)，该符号在函数 "public: virtual void * __cdecl OGRSFDriver::`vector deleting destructor'(unsigned int)" (??_EOGRSFDriver@@UEAAPEAXI@Z) 中被引用
ConsoleApplication2.obj : error LNK2001: 无法解析的外部符号 "public: virtual class OGRDataSource * __cdecl OGRSFDriver::CreateDataSource(char const *,char * *)" (?CreateDataSource@OGRSFDriver@@UEAAPEAVOGRDataSource@@PEBDPEAPEAD@Z)
ConsoleApplication2.obj : error LNK2001: 无法解析的外部符号 "public: virtual int __cdecl OGRSFDriver::DeleteDataSource(char const *)" (?DeleteDataSource@OGRSFDriver@@UEAAHPEBD@Z)
ConsoleApplication2.obj : error LNK2019: 无法解析的外部符号 "__declspec(dllimport) public: virtual class osg::Object * __cdecl osgGA::GUIEventHandler::cloneType(void)const " (__imp_?cloneType@GUIEventHandler@osgGA@@UEBAPEAVObject@osg@@XZ)，该符号在函数 "[thunk]:public: virtual class osg::Object * __cdecl osgGA::GUIEventHandler::cloneType`vtordisp{4294967292,10712}' (void)const " (?cloneType@GUIEventHandler@osgGA@@$4PPPPPPPM@CJNI@EBAPEAVObject@osg@@XZ) 中被引用
ConsoleApplication2.obj : error LNK2019: 无法解析的外部符号 "__declspec(dllimport) public: virtual class osg::Object * __cdecl osgGA::GUIEventHandler::clone(class osg::CopyOp const &)const " (__imp_?clone@GUIEventHandler@osgGA@@UEBAPEAVObject@osg@@AEBVCopyOp@4@@Z)，该符号在函数 "[thunk]:public: virtual class osg::Object * __cdecl osgGA::GUIEventHandler::clone`vtordisp{4294967292,10712}' (class osg::CopyOp const &)const " (?clone@GUIEventHandler@osgGA@@$4PPPPPPPM@CJNI@EBAPEAVObject@osg@@AEBVCopyOp@4@@Z) 中被引用
ConsoleApplication2.obj : error LNK2019: 无法解析的外部符号 "__declspec(dllimport) public: virtual bool __cdecl osgGA::GUIEventHandler::isSameKindAs(class osg::Object const *)const " (__imp_?isSameKindAs@GUIEventHandler@osgGA@@UEBA_NPEBVObject@osg@@@Z)，该符号在函数 "[thunk]:public: virtual bool __cdecl osgGA::GUIEventHandler::isSameKindAs`vtordisp{4294967292,10712}' (class osg::Object const *)const " (?isSameKindAs@GUIEventHandler@osgGA@@$4PPPPPPPM@CJNI@EBA_NPEBVObject@osg@@@Z) 中被引用
ConsoleApplication2.obj : error LNK2019: 无法解析的外部符号 "__declspec(dllimport) public: virtual char const * __cdecl osgGA::GUIEventHandler::libraryName(void)const " (__imp_?libraryName@GUIEventHandler@osgGA@@UEBAPEBDXZ)，该符号在函数 "[thunk]:public: virtual char const * __cdecl osgGA::GUIEventHandler::libraryName`vtordisp{4294967292,10712}' (void)const " (?libraryName@GUIEventHandler@osgGA@@$4PPPPPPPM@CJNI@EBAPEBDXZ) 中被引用
ConsoleApplication2.obj : error LNK2019: 无法解析的外部符号 "__declspec(dllimport) public: void __cdecl osgViewer::View::setCameraManipulator(class osgGA::CameraManipulator *,bool)" (__imp_?setCameraManipulator@View@osgViewer@@QEAAXPEAVCameraManipulator@osgGA@@_N@Z)，该符号在函数 "public: void __cdecl osgViewer::View::setCameraManipulator<class osgEarth::Util::EarthManipulator>(class osg::ref_ptr<class osgEarth::Util::EarthManipulator> const &,bool)" (??$setCameraManipulator@VEarthManipulator@Util@osgEarth@@@View@osgViewer@@QEAAXAEBV?$ref_ptr@VEarthManipulator@Util@osgEarth@@@osg@@_N@Z) 中被引用
ConsoleApplication2.obj : error LNK2019: 无法解析的外部符号 "__declspec(dllimport) public: void __cdecl osgViewer::View::setUpViewInWindow(int,int,int,int,unsigned int)" (__imp_?setUpViewInWindow@View@osgViewer@@QEAAXHHHHI@Z)，该符号在函数 main 中被引用
ConsoleApplication2.obj : error LNK2019: 无法解析的外部符号 "__declspec(dllimport) public: __cdecl osgViewer::Viewer::Viewer(void)" (__imp_??0Viewer@osgViewer@@QEAA@XZ)，该符号在函数 main 中被引用
ConsoleApplication2.obj : error LNK2019: 无法解析的外部符号 "__declspec(dllimport) public: virtual void __cdecl osgViewer::Viewer::setSceneData(class osg::Node *)" (__imp_?setSceneData@Viewer@osgViewer@@UEAAXPEAVNode@osg@@@Z)，该符号在函数 main 中被引用
ConsoleApplication2.obj : error LNK2019: 无法解析的外部符号 "__declspec(dllimport) public: virtual int __cdecl osgViewer::Viewer::run(void)" (__imp_?run@Viewer@osgViewer@@UEAAHXZ)，该符号在函数 main 中被引用
ConsoleApplication2.obj : error LNK2019: 无法解析的外部符号 "__declspec(dllimport) public: void __cdecl osgViewer::Viewer::`vbase destructor'(void)" (__imp_??_DViewer@osgViewer@@QEAAXXZ)，该符号在函数 main 中被引用
ConsoleApplication2.obj : error LNK2019: 无法解析的外部符号 "__declspec(dllimport) public: static class osgDB::Registry * __cdecl osgDB::Registry::instance(bool)" (__imp_?instance@Registry@osgDB@@SAPEAV12@_N@Z)，该符号在函数 "class osg::Node * __cdecl osgDB::readNodeFile(class std::basic_string<char,struct std::char_traits<char>,class std::allocator<char> > const &)" (?readNodeFile@osgDB@@YAPEAVNode@osg@@AEBV?$basic_string@DU?$char_traits@D@std@@V?$allocator@D@2@@std@@@Z) 中被引用
ConsoleApplication2.obj : error LNK2019: 无法解析的外部符号 "__declspec(dllimport) public: class osgDB::Options * __cdecl osgDB::Registry::getOptions(void)" (__imp_?getOptions@Registry@osgDB@@QEAAPEAVOptions@2@XZ)，该符号在函数 "class osg::Node * __cdecl osgDB::readNodeFile(class std::basic_string<char,struct std::char_traits<char>,class std::allocator<char> > const &)" (?readNodeFile@osgDB@@YAPEAVNode@osg@@AEBV?$basic_string@DU?$char_traits@D@std@@V?$allocator@D@2@@std@@@Z) 中被引用
ConsoleApplication2.obj : error LNK2019: 无法解析的外部符号 "__declspec(dllimport) class osg::Node * __cdecl osgDB::readNodeFile(class std::basic_string<char,struct std::char_traits<char>,class std::allocator<char> > const &,class osgDB::Options const *)" (__imp_?readNodeFile@osgDB@@YAPEAVNode@osg@@AEBV?$basic_string@DU?$char_traits@D@std@@V?$allocator@D@2@@std@@PEBVOptions@1@@Z)，该符号在函数 "class osg::Node * __cdecl osgDB::readNodeFile(class std::basic_string<char,struct std::char_traits<char>,class std::allocator<char> > const &)" (?readNodeFile@osgDB@@YAPEAVNode@osg@@AEBV?$basic_string@DU?$char_traits@D@std@@V?$allocator@D@2@@std@@@Z) 中被引用
ConsoleApplication2.obj : error LNK2019: 无法解析的外部符号 "__declspec(dllimport) public: static class osgEarth::MapNode * __cdecl osgEarth::MapNode::get(class osg::Node *,unsigned int)" (__imp_?get@MapNode@osgEarth@@SAPEAV12@PEAVNode@osg@@I@Z)，该符号在函数 main 中被引用
ConsoleApplication2.obj : error LNK2019: 无法解析的外部符号 "__declspec(dllimport) public: __cdecl osgEarth::Util::EarthManipulator::EarthManipulator(void)" (__imp_??0EarthManipulator@Util@osgEarth@@QEAA@XZ)，该符号在函数 main 中被引用
ConsoleApplication2.obj : error LNK2019: 无法解析的外部符号 "__declspec(dllimport) public: virtual char const * __cdecl osgEarth::Util::EarthManipulator::className(void)const " (__imp_?className@EarthManipulator@Util@osgEarth@@UEBAPEBDXZ)，该符号在函数 "[thunk]:public: virtual char const * __cdecl osgEarth::Util::EarthManipulator::className`vtordisp{4294967292,0}' (void)const " (?className@EarthManipulator@Util@osgEarth@@$4PPPPPPPM@A@EBAPEBDXZ) 中被引用
ConsoleApplication2.obj : error LNK2019: 无法解析的外部符号 "__declspec(dllimport) protected: void __cdecl osgEarth::Util::EarthManipulator::`vbase destructor'(void)" (__imp_??_DEarthManipulator@Util@osgEarth@@IEAAXXZ)，该符号在函数 "protected: virtual void * __cdecl osgEarth::Util::EarthManipulator::`scalar deleting destructor'(unsigned int)" (??_GEarthManipulator@Util@osgEarth@@MEAAPEAXI@Z) 中被引用
ConsoleApplication2.obj : error LNK2001: 无法解析的外部符号 "public: virtual class osg::Node * __cdecl osg::Object::asNode(void)" (?asNode@Object@osg@@UEAAPEAVNode@2@XZ)
ConsoleApplication2.obj : error LNK2001: 无法解析的外部符号 "public: virtual class osg::Node const * __cdecl osg::Object::asNode(void)const " (?asNode@Object@osg@@UEBAPEBVNode@2@XZ)
ConsoleApplication2.obj : error LNK2001: 无法解析的外部符号 "public: virtual class osg::NodeVisitor * __cdecl osg::Object::asNodeVisitor(void)" (?asNodeVisitor@Object@osg@@UEAAPEAVNodeVisitor@2@XZ)
ConsoleApplication2.obj : error LNK2001: 无法解析的外部符号 "public: virtual class osg::NodeVisitor const * __cdecl osg::Object::asNodeVisitor(void)const " (?asNodeVisitor@Object@osg@@UEBAPEBVNodeVisitor@2@XZ)
ConsoleApplication2.obj : error LNK2001: 无法解析的外部符号 "public: virtual class osg::StateAttribute * __cdecl osg::Object::asStateAttribute(void)" (?asStateAttribute@Object@osg@@UEAAPEAVStateAttribute@2@XZ)
ConsoleApplication2.obj : error LNK2001: 无法解析的外部符号 "public: virtual class osg::StateAttribute const * __cdecl osg::Object::asStateAttribute(void)const " (?asStateAttribute@Object@osg@@UEBAPEBVStateAttribute@2@XZ)
ConsoleApplication2.obj : error LNK2001: 无法解析的外部符号 "public: virtual class osg::Uniform * __cdecl osg::Object::asUniform(void)" (?asUniform@Object@osg@@UEAAPEAVUniform@2@XZ)
ConsoleApplication2.obj : error LNK2001: 无法解析的外部符号 "public: virtual class osg::Uniform const * __cdecl osg::Object::asUniform(void)const " (?asUniform@Object@osg@@UEBAPEBVUniform@2@XZ)
ConsoleApplication2.obj : error LNK2001: 无法解析的外部符号 "public: virtual void __cdecl osg::Object::computeDataVariance(void)" (?computeDataVariance@Object@osg@@UEAAXXZ)
ConsoleApplication2.obj : error LNK2001: 无法解析的外部符号 "public: virtual class osg::Referenced * __cdecl osg::Object::getUserData(void)" (?getUserData@Object@osg@@UEAAPEAVReferenced@2@XZ)
ConsoleApplication2.obj : error LNK2001: 无法解析的外部符号 "public: virtual class osg::Referenced const * __cdecl osg::Object::getUserData(void)const " (?getUserData@Object@osg@@UEBAPEBVReferenced@2@XZ)
ConsoleApplication2.obj : error LNK2001: 无法解析的外部符号 "public: virtual void __cdecl osg::Object::releaseGLObjects(class osg::State *)const " (?releaseGLObjects@Object@osg@@UEBAXPEAVState@2@@Z)
ConsoleApplication2.obj : error LNK2001: 无法解析的外部符号 "public: virtual void __cdecl osg::Object::resizeGLObjectBuffers(unsigned int)" (?resizeGLObjectBuffers@Object@osg@@UEAAXI@Z)
ConsoleApplication2.obj : error LNK2001: 无法解析的外部符号 "public: virtual void __cdecl osg::Object::setName(class std::basic_string<char,struct std::char_traits<char>,class std::allocator<char> > const &)" (?setName@Object@osg@@UEAAXAEBV?$basic_string@DU?$char_traits@D@std@@V?$allocator@D@2@@std@@@Z)
ConsoleApplication2.obj : error LNK2001: 无法解析的外部符号 "public: virtual void __cdecl osg::Object::setThreadSafeRefUnref(bool)" (?setThreadSafeRefUnref@Object@osg@@UEAAX_N@Z)
ConsoleApplication2.obj : error LNK2001: 无法解析的外部符号 "public: virtual void __cdecl osg::Object::setUserData(class osg::Referenced *)" (?setUserData@Object@osg@@UEAAXPEAVReferenced@2@@Z)
C:\Users\86188\source\repos\ConsoleApplication2\x64\Debug\osgearth_test.exe : fatal error LNK1120: 168 个无法解析的外部命令
